[22:44:54] [ServerMain/INFO]: Building unoptimized datafixer
[22:44:56] [ServerMain/INFO]: Environment: authHost='https://authserver.mojang.com', accountsHost='https://api.mojang.com', sessionHost='https://sessionserver.mojang.com', servicesHost='https://api.minecraftservices.com', name='PROD'
[22:44:59] [ServerMain/INFO]: Loaded 7 recipes
[22:44:59] [ServerMain/INFO]: Loaded 1179 advancements
[22:45:01] [Server thread/INFO]: Starting minecraft server version 1.19.2
[22:45:01] [Server thread/INFO]: Loading properties
[22:45:01] [Server thread/INFO]: Default game type: SURVIVAL
[22:45:01] [Server thread/INFO]: Generating keypair
[22:45:01] [Server thread/INFO]: Starting Minecraft server on *:25565
[22:45:01] [Server thread/INFO]: Using epoll channel type
[22:45:01] [Server thread/WARN]: **** SERVER IS RUNNING IN OFFLINE/INSECURE MODE!
[22:45:01] [Server thread/WARN]: The server will make no attempt to authenticate usernames. Beware.
[22:45:01] [Server thread/WARN]: While this makes the game possible to play without internet access, it also opens up the ability for hackers to connect with any username they choose.
[22:45:01] [Server thread/WARN]: To change this, set "online-mode" to "true" in the server.properties file.
[22:45:01] [Server thread/INFO]: Preparing level "world"
[22:45:22] [Server thread/INFO]: Preparing start region for dimension minecraft:overworld
[22:45:23] [Worker-Main-7/INFO]: Preparing spawn area: 0%
[22:45:23] [Worker-Main-7/INFO]: Preparing spawn area: 0%
[22:45:23] [Worker-Main-7/INFO]: Preparing spawn area: 0%
[22:45:23] [Worker-Main-7/INFO]: Preparing spawn area: 0%
[22:45:24] [Worker-Main-7/INFO]: Preparing spawn area: 0%
[22:45:24] [Worker-Main-7/INFO]: Preparing spawn area: 0%
[22:45:25] [Worker-Main-7/INFO]: Preparing spawn area: 0%
[22:45:25] [Worker-Main-7/INFO]: Preparing spawn area: 0%
[22:45:26] [Worker-Main-7/INFO]: Preparing spawn area: 0%
[22:45:26] [Worker-Main-7/INFO]: Preparing spawn area: 0%
[22:45:27] [Worker-Main-7/INFO]: Preparing spawn area: 0%
[22:45:27] [Worker-Main-7/INFO]: Preparing spawn area: 0%
[22:45:28] [Worker-Main-7/INFO]: Preparing spawn area: 0%
[22:45:28] [Worker-Main-7/INFO]: Preparing spawn area: 0%
[22:45:29] [Worker-Main-7/INFO]: Preparing spawn area: 0%
[22:45:29] [Worker-Main-7/INFO]: Preparing spawn area: 0%
[22:45:30] [Worker-Main-7/INFO]: Preparing spawn area: 0%
[22:45:30] [Worker-Main-7/INFO]: Preparing spawn area: 0%
[22:45:31] [Worker-Main-7/INFO]: Preparing spawn area: 0%
[22:45:31] [Worker-Main-7/INFO]: Preparing spawn area: 0%
[22:45:32] [Worker-Main-7/INFO]: Preparing spawn area: 0%
[22:45:32] [Worker-Main-7/INFO]: Preparing spawn area: 0%
[22:45:33] [Worker-Main-7/INFO]: Preparing spawn area: 0%
[22:45:33] [Worker-Main-7/INFO]: Preparing spawn area: 0%
[22:45:34] [Worker-Main-7/INFO]: Preparing spawn area: 0%
[22:45:34] [Worker-Main-7/INFO]: Preparing spawn area: 0%
[22:45:35] [Worker-Main-7/INFO]: Preparing spawn area: 0%
[22:45:35] [Worker-Main-7/INFO]: Preparing spawn area: 0%
[22:45:36] [Worker-Main-7/INFO]: Preparing spawn area: 0%
[22:45:36] [Worker-Main-7/INFO]: Preparing spawn area: 0%
[22:45:37] [Worker-Main-7/INFO]: Preparing spawn area: 0%
[22:45:37] [Worker-Main-7/INFO]: Preparing spawn area: 0%
[22:45:38] [Worker-Main-7/INFO]: Preparing spawn area: 0%
[22:45:38] [Worker-Main-7/INFO]: Preparing spawn area: 0%
[22:45:39] [Worker-Main-7/INFO]: Preparing spawn area: 0%
[22:45:39] [Worker-Main-7/INFO]: Preparing spawn area: 0%
[22:45:40] [Worker-Main-7/INFO]: Preparing spawn area: 0%
[22:45:40] [Worker-Main-7/INFO]: Preparing spawn area: 0%
[22:45:41] [Worker-Main-7/INFO]: Preparing spawn area: 0%
[22:45:41] [Worker-Main-7/INFO]: Preparing spawn area: 0%
[22:45:42] [Worker-Main-7/INFO]: Preparing spawn area: 0%
[22:45:42] [Worker-Main-7/INFO]: Preparing spawn area: 0%
[22:45:43] [Worker-Main-7/INFO]: Preparing spawn area: 0%
[22:45:43] [Worker-Main-7/INFO]: Preparing spawn area: 0%
[22:45:44] [Worker-Main-7/INFO]: Preparing spawn area: 0%
[22:45:44] [Worker-Main-7/INFO]: Preparing spawn area: 0%
[22:45:45] [Worker-Main-7/INFO]: Preparing spawn area: 0%
[22:45:45] [Worker-Main-7/INFO]: Preparing spawn area: 0%
[22:45:46] [Worker-Main-7/INFO]: Preparing spawn area: 0%
[22:45:46] [Worker-Main-7/INFO]: Preparing spawn area: 0%
[22:45:47] [Worker-Main-7/INFO]: Preparing spawn area: 2%
[22:45:47] [Worker-Main-1/INFO]: Preparing spawn area: 3%
[22:45:48] [Worker-Main-1/INFO]: Preparing spawn area: 5%
[22:45:48] [Worker-Main-1/INFO]: Preparing spawn area: 6%
[22:45:49] [Worker-Main-1/INFO]: Preparing spawn area: 6%
[22:45:49] [Worker-Main-1/INFO]: Preparing spawn area: 15%
[22:45:50] [Worker-Main-1/INFO]: Preparing spawn area: 15%
[22:45:50] [Worker-Main-1/INFO]: Preparing spawn area: 15%
[22:45:51] [Worker-Main-1/INFO]: Preparing spawn area: 15%
[22:45:51] [Worker-Main-1/INFO]: Preparing spawn area: 15%
[22:45:52] [Worker-Main-1/INFO]: Preparing spawn area: 15%
[22:45:52] [Worker-Main-1/INFO]: Preparing spawn area: 37%
[22:45:53] [Worker-Main-1/INFO]: Preparing spawn area: 42%
[22:45:53] [Worker-Main-1/INFO]: Preparing spawn area: 43%
[22:45:54] [Worker-Main-1/INFO]: Preparing spawn area: 43%
[22:45:54] [Worker-Main-1/INFO]: Preparing spawn area: 44%
[22:45:55] [Worker-Main-1/INFO]: Preparing spawn area: 46%
[22:45:55] [Worker-Main-1/INFO]: Preparing spawn area: 46%
[22:45:56] [Worker-Main-1/INFO]: Preparing spawn area: 47%
[22:45:56] [Worker-Main-1/INFO]: Preparing spawn area: 49%
[22:45:57] [Worker-Main-1/INFO]: Preparing spawn area: 50%
[22:45:57] [Worker-Main-1/INFO]: Preparing spawn area: 51%
[22:45:58] [Worker-Main-1/INFO]: Preparing spawn area: 52%
[22:45:58] [Worker-Main-1/INFO]: Preparing spawn area: 54%
[22:45:59] [Worker-Main-1/INFO]: Preparing spawn area: 54%
[22:45:59] [Worker-Main-1/INFO]: Preparing spawn area: 55%
[22:46:00] [Worker-Main-1/INFO]: Preparing spawn area: 56%
[22:46:00] [Worker-Main-1/INFO]: Preparing spawn area: 57%
[22:46:01] [Worker-Main-1/INFO]: Preparing spawn area: 58%
[22:46:01] [Worker-Main-1/INFO]: Preparing spawn area: 59%
[22:46:02] [Worker-Main-1/INFO]: Preparing spawn area: 59%
[22:46:02] [Worker-Main-1/INFO]: Preparing spawn area: 59%
[22:46:03] [Worker-Main-1/INFO]: Preparing spawn area: 59%
[22:46:03] [Worker-Main-1/INFO]: Preparing spawn area: 59%
[22:46:04] [Worker-Main-1/INFO]: Preparing spawn area: 59%
[22:46:04] [Worker-Main-1/INFO]: Preparing spawn area: 59%
[22:46:05] [Worker-Main-1/INFO]: Preparing spawn area: 59%
[22:46:05] [Worker-Main-1/INFO]: Preparing spawn area: 59%
[22:46:06] [Worker-Main-1/INFO]: Preparing spawn area: 59%
[22:46:06] [Worker-Main-1/INFO]: Preparing spawn area: 59%
[22:46:07] [Worker-Main-1/INFO]: Preparing spawn area: 59%
[22:46:07] [Worker-Main-1/INFO]: Preparing spawn area: 59%
[22:46:08] [Worker-Main-1/INFO]: Preparing spawn area: 59%
[22:46:08] [Worker-Main-1/INFO]: Preparing spawn area: 59%
[22:46:09] [Worker-Main-1/INFO]: Preparing spawn area: 59%
[22:46:09] [Worker-Main-1/INFO]: Preparing spawn area: 59%
[22:46:10] [Worker-Main-1/INFO]: Preparing spawn area: 59%
[22:46:10] [Worker-Main-1/INFO]: Preparing spawn area: 59%
[22:46:11] [Worker-Main-1/INFO]: Preparing spawn area: 59%
[22:46:11] [Worker-Main-1/INFO]: Preparing spawn area: 59%
[22:46:12] [Worker-Main-1/INFO]: Preparing spawn area: 59%
[22:46:12] [Worker-Main-1/INFO]: Preparing spawn area: 59%
[22:46:13] [Worker-Main-1/INFO]: Preparing spawn area: 59%
[22:46:13] [Worker-Main-1/INFO]: Preparing spawn area: 59%
[22:46:14] [Worker-Main-1/INFO]: Preparing spawn area: 59%
[22:46:14] [Worker-Main-1/INFO]: Preparing spawn area: 59%
[22:46:15] [Worker-Main-1/INFO]: Preparing spawn area: 65%
[22:46:16] [Worker-Main-1/INFO]: Preparing spawn area: 75%
[22:46:16] [Worker-Main-1/INFO]: Preparing spawn area: 75%
[22:46:17] [Server thread/INFO]: Time elapsed: 55435 ms
[22:46:17] [Server thread/INFO]: Done (75.971s)! For help, type "help"
[22:46:28] [Server thread/INFO]: Stopping the server
[22:46:28] [Server thread/INFO]: Stopping server
[22:46:28] [Server thread/INFO]: Saving players
[22:46:28] [Server thread/INFO]: Saving worlds
[22:46:32] [Server thread/INFO]: Saving chunks for level 'ServerLevel[world]'/minecraft:overworld
[22:46:32] [Server thread/INFO]: Saving chunks for level 'ServerLevel[world]'/minecraft:the_end
[22:46:32] [Server thread/INFO]: Saving chunks for level 'ServerLevel[world]'/minecraft:the_nether
[22:46:32] [Server thread/INFO]: ThreadedAnvilChunkStorage (world): All chunks are saved
[22:46:32] [Server thread/INFO]: ThreadedAnvilChunkStorage (DIM1): All chunks are saved
[22:46:32] [Server thread/INFO]: ThreadedAnvilChunkStorage (DIM-1): All chunks are saved
[22:46:32] [Server thread/INFO]: ThreadedAnvilChunkStorage: All dimensions are saved
